# JRE version: OpenJDK Runtime Environment (17.0.9) (build 17.0.9+0--11185874)
# Java VM: OpenJDK 64-Bit Server VM (17.0.9+0--11185874, mixed mode, tiered, compressed oops, compressed class ptrs, g1 gc, windows-amd64)
GC Precious Log:
 CPUs: 12 total, 12 available
 Memory: 32716M
 Large Page Support: Disabled
 NUMA Support: Disabled
 Compressed Oops: Enabled (32-bit)
 Heap Region Size: 1M
 Heap Min Capacity: 8M
 Heap Initial Capacity: 512M
 Heap Max Capacity: 2G
 Pre-touch: Disabled
 Parallel Workers: 10
 Concurrent Workers: 3
 Concurrent Refinement Workers: 10
 Periodic GC: Disabled
Heap:
 garbage-first heap   total 393216K, used 310766K [0x0000000080000000, 0x0000000100000000)
  region size 1024K, 193 young (197632K), 8 survivors (8192K)
 Metaspace       used 129148K, committed 130048K, reserved 1179648K
  class space    used 18812K, committed 19200K, reserved 1048576K
GC Heap History (20 events):
Event: 9.595 GC heap after
{Heap after GC invocations=22 (full 0):
 garbage-first heap   total 184320K, used 88477K [0x0000000080000000, 0x0000000100000000)
  region size 1024K, 2 young (2048K), 2 survivors (2048K)
 Metaspace       used 93751K, committed 94528K, reserved 1179648K
  class space    used 13223K, committed 13568K, reserved 1048576K
}
Event: 10.100 GC heap before
{Heap before GC invocations=23 (full 0):
 garbage-first heap   total 184320K, used 147332K [0x0000000080000000, 0x0000000100000000)
  region size 1024K, 57 young (58368K), 2 survivors (2048K)
 Metaspace       used 101659K, committed 102400K, reserved 1179648K
  class space    used 14152K, committed 14464K, reserved 1048576K
}
Event: 10.104 GC heap after
{Heap after GC invocations=24 (full 0):
 garbage-first heap   total 184320K, used 93643K [0x0000000080000000, 0x0000000100000000)
  region size 1024K, 8 young (8192K), 8 survivors (8192K)
 Metaspace       used 101659K, committed 102400K, reserved 1179648K
  class space    used 14152K, committed 14464K, reserved 1048576K
}
Event: 10.109 GC heap before
{Heap before GC invocations=24 (full 0):
 garbage-first heap   total 184320K, used 94667K [0x0000000080000000, 0x0000000100000000)
  region size 1024K, 9 young (9216K), 8 survivors (8192K)
 Metaspace       used 101678K, committed 102400K, reserved 1179648K
  class space    used 14152K, committed 14464K, reserved 1048576K
}
Event: 10.111 GC heap after
{Heap after GC invocations=25 (full 0):
 garbage-first heap   total 184320K, used 92676K [0x0000000080000000, 0x0000000100000000)
  region size 1024K, 1 young (1024K), 1 survivors (1024K)
 Metaspace       used 101678K, committed 102400K, reserved 1179648K
  class space    used 14152K, committed 14464K, reserved 1048576K
}
Event: 10.706 GC heap before
{Heap before GC invocations=25 (full 0):
 garbage-first heap   total 184320K, used 143876K [0x0000000080000000, 0x0000000100000000)
  region size 1024K, 52 young (53248K), 1 survivors (1024K)
 Metaspace       used 103677K, committed 104384K, reserved 1179648K
  class space    used 14419K, committed 14784K, reserved 1048576K
}
Event: 10.712 GC heap after
{Heap after GC invocations=26 (full 0):
 garbage-first heap   total 184320K, used 100544K [0x0000000080000000, 0x0000000100000000)
  region size 1024K, 7 young (7168K), 7 survivors (7168K)
 Metaspace       used 103677K, committed 104384K, reserved 1179648K
  class space    used 14419K, committed 14784K, reserved 1048576K
}
Event: 11.082 GC heap before
{Heap before GC invocations=27 (full 0):
 garbage-first heap   total 194560K, used 146624K [0x0000000080000000, 0x0000000100000000)
  region size 1024K, 52 young (53248K), 7 survivors (7168K)
 Metaspace       used 104351K, committed 105152K, reserved 1179648K
  class space    used 14512K, committed 14912K, reserved 1048576K
}
Event: 11.086 GC heap after
{Heap after GC invocations=28 (full 0):
 garbage-first heap   total 194560K, used 102961K [0x0000000080000000, 0x0000000100000000)
  region size 1024K, 5 young (5120K), 5 survivors (5120K)
 Metaspace       used 104351K, committed 105152K, reserved 1179648K
  class space    used 14512K, committed 14912K, reserved 1048576K
}
Event: 11.201 GC heap before
{Heap before GC invocations=28 (full 0):
 garbage-first heap   total 194560K, used 106033K [0x0000000080000000, 0x0000000100000000)
  region size 1024K, 9 young (9216K), 5 survivors (5120K)
 Metaspace       used 104661K, committed 105472K, reserved 1179648K
  class space    used 14573K, committed 14976K, reserved 1048576K
}
Event: 11.204 GC heap after
{Heap after GC invocations=29 (full 0):
 garbage-first heap   total 194560K, used 101979K [0x0000000080000000, 0x0000000100000000)
  region size 1024K, 1 young (1024K), 1 survivors (1024K)
 Metaspace       used 104661K, committed 105472K, reserved 1179648K
  class space    used 14573K, committed 14976K, reserved 1048576K
}
Event: 11.639 GC heap before
{Heap before GC invocations=29 (full 0):
 garbage-first heap   total 194560K, used 154203K [0x0000000080000000, 0x0000000100000000)
  region size 1024K, 53 young (54272K), 1 survivors (1024K)
 Metaspace       used 109651K, committed 110464K, reserved 1179648K
  class space    used 15352K, committed 15744K, reserved 1048576K
}
Event: 11.643 GC heap after
{Heap after GC invocations=30 (full 0):
 garbage-first heap   total 194560K, used 107043K [0x0000000080000000, 0x0000000100000000)
  region size 1024K, 6 young (6144K), 6 survivors (6144K)
 Metaspace       used 109651K, committed 110464K, reserved 1179648K
  class space    used 15352K, committed 15744K, reserved 1048576K
}
Event: 11.844 GC heap before
{Heap before GC invocations=31 (full 0):
 garbage-first heap   total 203776K, used 155171K [0x0000000080000000, 0x0000000100000000)
  region size 1024K, 54 young (55296K), 6 survivors (6144K)
 Metaspace       used 114745K, committed 115584K, reserved 1179648K
  class space    used 16383K, committed 16768K, reserved 1048576K
}
Event: 11.849 GC heap after
{Heap after GC invocations=32 (full 0):
 garbage-first heap   total 203776K, used 112077K [0x0000000080000000, 0x0000000100000000)
  region size 1024K, 6 young (6144K), 6 survivors (6144K)
 Metaspace       used 114745K, committed 115584K, reserved 1179648K
  class space    used 16383K, committed 16768K, reserved 1048576K
}
Event: 11.871 GC heap before
{Heap before GC invocations=32 (full 0):
 garbage-first heap   total 203776K, used 114125K [0x0000000080000000, 0x0000000100000000)
  region size 1024K, 9 young (9216K), 6 survivors (6144K)
 Metaspace       used 115057K, committed 115904K, reserved 1179648K
  class space    used 16425K, committed 16832K, reserved 1048576K
}
Event: 11.875 GC heap after
{Heap after GC invocations=33 (full 0):
 garbage-first heap   total 203776K, used 105689K [0x0000000080000000, 0x0000000100000000)
  region size 1024K, 1 young (1024K), 1 survivors (1024K)
 Metaspace       used 115057K, committed 115904K, reserved 1179648K
  class space    used 16425K, committed 16832K, reserved 1048576K
}
Event: 12.138 GC heap before
{Heap before GC invocations=33 (full 0):
 garbage-first heap   total 203776K, used 159961K [0x0000000080000000, 0x0000000100000000)
  region size 1024K, 55 young (56320K), 1 survivors (1024K)
 Metaspace       used 119900K, committed 120704K, reserved 1179648K
  class space    used 17312K, committed 17664K, reserved 1048576K
}
Event: 12.142 GC heap after
{Heap after GC invocations=34 (full 0):
 garbage-first heap   total 410624K, used 108014K [0x0000000080000000, 0x0000000100000000)
  region size 1024K, 4 young (4096K), 4 survivors (4096K)
 Metaspace       used 119900K, committed 120704K, reserved 1179648K
  class space    used 17312K, committed 17664K, reserved 1048576K
}
Event: 178.478 GC heap before
{Heap before GC invocations=35 (full 0):
 garbage-first heap   total 393216K, used 309742K [0x0000000080000000, 0x0000000100000000)
  region size 1024K, 189 young (193536K), 4 survivors (4096K)
 Metaspace       used 129148K, committed 130048K, reserved 1179648K
  class space    used 18812K, committed 19200K, reserved 1048576K
}

